<?xml version="1.0" encoding="UTF-8"?>
<!-- Generated by org.testng.reporters.JUnitXMLReporter -->
<testsuite ignored="0" hostname="sornapravinPC" failures="0" tests="1" name="Test1" time="2.396" errors="0" timestamp="2021-09-30T17:23:19 EDT">
  <testcase classname="com.nopcommerce.testCases.BaseClass" name="@BeforeClass setup" time="2.004">
    <failure type="org.openqa.selenium.SessionNotCreatedException" message="session not created: This version of ChromeDriver only supports Chrome version 92
Current browser version is 94.0.4606.61 with binary path C:\Program Files (x86)\Google\Chrome\Application\chrome.exe
Build info: version: &amp;apos;3.141.59&amp;apos;, revision: &amp;apos;e82be7d358&amp;apos;, time: &amp;apos;2018-11-14T08:17:03&amp;apos;
System info: host: &amp;apos;SORNAPRAVINPC&amp;apos;, ip: &amp;apos;192.168.0.105&amp;apos;, os.name: &amp;apos;Windows 10&amp;apos;, os.arch: &amp;apos;amd64&amp;apos;, os.version: &amp;apos;10.0&amp;apos;, java.version: &amp;apos;16.0.2&amp;apos;
Driver info: driver.version: ChromeDriver
remote stacktrace: Backtrace:
	Ordinal0 [0x00FA5843+2512963]
	Ordinal0 [0x00F3EED1+2092753]
	Ordinal0 [0x00E41F48+1056584]
	Ordinal0 [0x00E601AA+1180074]
	Ordinal0 [0x00E5C0C5+1163461]
	Ordinal0 [0x00E5990F+1153295]
	Ordinal0 [0x00E8994F+1349967]
	Ordinal0 [0x00E895BA+1349050]
	Ordinal0 [0x00E854BB+1332411]
	Ordinal0 [0x00E61D14+1187092]
	Ordinal0 [0x00E62B79+1190777]
	GetHandleVerifier [0x01120C56+1501718]
	GetHandleVerifier [0x011CE97F+2213695]
	GetHandleVerifier [0x01028C92+485970]
	GetHandleVerifier [0x01027D59+482073]
	Ordinal0 [0x00F4471D+2115357]
	Ordinal0 [0x00F48678+2131576]
	Ordinal0 [0x00F487B2+2131890]
	Ordinal0 [0x00F51971+2169201]
	BaseThreadInitThunk [0x7698FA29+25]
	RtlGetAppContainerNamedObjectPath [0x774E7A9E+286]
	RtlGetAppContainerNamedObjectPath [0x774E7A6E+238]
">
      <![CDATA[org.openqa.selenium.SessionNotCreatedException: session not created: This version of ChromeDriver only supports Chrome version 92
Current browser version is 94.0.4606.61 with binary path C:\Program Files (x86)\Google\Chrome\Application\chrome.exe
Build info: version: '3.141.59', revision: 'e82be7d358', time: '2018-11-14T08:17:03'
System info: host: 'SORNAPRAVINPC', ip: '192.168.0.105', os.name: 'Windows 10', os.arch: 'amd64', os.version: '10.0', java.version: '16.0.2'
Driver info: driver.version: ChromeDriver
remote stacktrace: Backtrace:
Ordinal0 [0x00FA5843+2512963]
Ordinal0 [0x00F3EED1+2092753]
Ordinal0 [0x00E41F48+1056584]
Ordinal0 [0x00E601AA+1180074]
Ordinal0 [0x00E5C0C5+1163461]
Ordinal0 [0x00E5990F+1153295]
Ordinal0 [0x00E8994F+1349967]
Ordinal0 [0x00E895BA+1349050]
Ordinal0 [0x00E854BB+1332411]
Ordinal0 [0x00E61D14+1187092]
Ordinal0 [0x00E62B79+1190777]
GetHandleVerifier [0x01120C56+1501718]
GetHandleVerifier [0x011CE97F+2213695]
GetHandleVerifier [0x01028C92+485970]
GetHandleVerifier [0x01027D59+482073]
Ordinal0 [0x00F4471D+2115357]
Ordinal0 [0x00F48678+2131576]
Ordinal0 [0x00F487B2+2131890]
Ordinal0 [0x00F51971+2169201]
BaseThreadInitThunk [0x7698FA29+25]
RtlGetAppContainerNamedObjectPath [0x774E7A9E+286]
RtlGetAppContainerNamedObjectPath [0x774E7A6E+238]

at org.openqa.selenium.remote.W3CHandshakeResponse.lambda$errorHandler$0(W3CHandshakeResponse.java:62)
at org.openqa.selenium.remote.HandshakeResponse.lambda$getResponseFunction$0(HandshakeResponse.java:30)
at org.openqa.selenium.remote.ProtocolHandshake.lambda$createSession$0(ProtocolHandshake.java:126)
at java.base/java.util.stream.ReferencePipeline$3$1.accept(ReferencePipeline.java:197)
at java.base/java.util.Spliterators$ArraySpliterator.tryAdvance(Spliterators.java:958)
at java.base/java.util.stream.ReferencePipeline.forEachWithCancel(ReferencePipeline.java:129)
at java.base/java.util.stream.AbstractPipeline.copyIntoWithCancel(AbstractPipeline.java:502)
at java.base/java.util.stream.AbstractPipeline.copyInto(AbstractPipeline.java:488)
at java.base/java.util.stream.AbstractPipeline.wrapAndCopyInto(AbstractPipeline.java:474)
at java.base/java.util.stream.FindOps$FindOp.evaluateSequential(FindOps.java:150)
at java.base/java.util.stream.AbstractPipeline.evaluate(AbstractPipeline.java:234)
at java.base/java.util.stream.ReferencePipeline.findFirst(ReferencePipeline.java:647)
at org.openqa.selenium.remote.ProtocolHandshake.createSession(ProtocolHandshake.java:128)
at org.openqa.selenium.remote.ProtocolHandshake.createSession(ProtocolHandshake.java:74)
at org.openqa.selenium.remote.HttpCommandExecutor.execute(HttpCommandExecutor.java:136)
at org.openqa.selenium.remote.service.DriverCommandExecutor.execute(DriverCommandExecutor.java:83)
at org.openqa.selenium.remote.RemoteWebDriver.execute(RemoteWebDriver.java:552)
at org.openqa.selenium.remote.RemoteWebDriver.startSession(RemoteWebDriver.java:213)
at org.openqa.selenium.remote.RemoteWebDriver.<init>(RemoteWebDriver.java:131)
at org.openqa.selenium.chrome.ChromeDriver.<init>(ChromeDriver.java:181)
at org.openqa.selenium.chrome.ChromeDriver.<init>(ChromeDriver.java:168)
at org.openqa.selenium.chrome.ChromeDriver.<init>(ChromeDriver.java:123)
at com.nopcommerce.testCases.BaseClass.setup(BaseClass.java:38)
at java.base/java.util.ArrayList.forEach(ArrayList.java:1511)
... Removed 30 stack frames]]>
    </failure>
  </testcase> <!-- @BeforeClass setup -->
  <testcase classname="com.nopcommerce.testCases.BaseClass" name="@AfterClass TearDown" time="0.001">
    <failure type="java.lang.NullPointerException" message="Cannot invoke &amp;quot;org.openqa.selenium.WebDriver.quit()&amp;quot; because &amp;quot;com.nopcommerce.testCases.BaseClass.driver&amp;quot; is null">
      <![CDATA[java.lang.NullPointerException: Cannot invoke "org.openqa.selenium.WebDriver.quit()" because "com.nopcommerce.testCases.BaseClass.driver" is null
at com.nopcommerce.testCases.BaseClass.TearDown(BaseClass.java:49)
at java.base/java.util.ArrayList.forEach(ArrayList.java:1511)
... Removed 25 stack frames]]>
    </failure>
  </testcase> <!-- @AfterClass TearDown -->
  <testcase classname="com.nopcommerce.testCases.TC_FindingPendingTransaction_006" name="findStatus" time="0.0">
    <skipped/>
  </testcase> <!-- findStatus -->
</testsuite> <!-- Test1 -->
